# JRE version: OpenJDK Runtime Environment Temurin-21.0.8+9 (21.0.8+9) (build 21.0.8+9-LTS)
# Java VM: OpenJDK 64-Bit Server VM Temurin-21.0.8+9 (21.0.8+9-LTS, mixed mode, sharing, tiered, compressed oops, compressed class ptrs, parallel gc, windows-amd64)
GC Precious Log:
 CardTable entry size: 512
 CPUs: 16 total, 16 available
 Memory: 7562M
 Large Page Support: Disabled
 NUMA Support: Disabled
 Compressed Oops: Enabled (32-bit)
 Alignments: Space 512K, Generation 512K, Heap 2M
 Heap Min Capacity: 100M
 Heap Initial Capacity: 100M
 Heap Max Capacity: 2G
 Pre-touch: Disabled
 Parallel Workers: 13
Heap:
 PSYoungGen      total 26112K, used 10095K [0x00000000d5580000, 0x00000000d7900000, 0x0000000100000000)
  eden space 20992K, 26% used [0x00000000d5580000,0x00000000d5ad6248,0x00000000d6a00000)
  from space 5120K, 90% used [0x00000000d6f00000,0x00000000d7385a38,0x00000000d7400000)
  to   space 5120K, 0% used [0x00000000d7400000,0x00000000d7400000,0x00000000d7900000)
 ParOldGen       total 68608K, used 38611K [0x0000000080000000, 0x0000000084300000, 0x00000000d5580000)
  object space 68608K, 56% used [0x0000000080000000,0x00000000825b4ee0,0x0000000084300000)
 Metaspace       used 48695K, committed 50048K, reserved 1114112K
  class space    used 5277K, committed 5824K, reserved 1048576K
GC Heap History (20 events):
Event: 8.660 GC heap before
{Heap before GC invocations=14 (full 1):
 PSYoungGen      total 23040K, used 6450K [0x00000000d5580000, 0x00000000d7200000, 0x0000000100000000)
  eden space 22016K, 24% used [0x00000000d5580000,0x00000000d5ad0548,0x00000000d6b00000)
  from space 1024K, 98% used [0x00000000d7100000,0x00000000d71fc628,0x00000000d7200000)
  to   space 3584K, 0% used [0x00000000d6b00000,0x00000000d6b00000,0x00000000d6e80000)
 ParOldGen       total 68608K, used 18361K [0x0000000080000000, 0x0000000084300000, 0x00000000d5580000)
  object space 68608K, 26% used [0x0000000080000000,0x00000000811ee5d0,0x0000000084300000)
 Metaspace       used 34704K, committed 35840K, reserved 1114112K
  class space    used 3571K, committed 4032K, reserved 1048576K
}
Event: 8.662 GC heap after
{Heap after GC invocations=14 (full 1):
 PSYoungGen      total 25600K, used 704K [0x00000000d5580000, 0x00000000d7180000, 0x0000000100000000)
  eden space 22016K, 0% used [0x00000000d5580000,0x00000000d5580000,0x00000000d6b00000)
  from space 3584K, 19% used [0x00000000d6b00000,0x00000000d6bb0160,0x00000000d6e80000)
  to   space 1536K, 0% used [0x00000000d7000000,0x00000000d7000000,0x00000000d7180000)
 ParOldGen       total 68608K, used 19344K [0x0000000080000000, 0x0000000084300000, 0x00000000d5580000)
  object space 68608K, 28% used [0x0000000080000000,0x00000000812e4108,0x0000000084300000)
 Metaspace       used 34704K, committed 35840K, reserved 1114112K
  class space    used 3571K, committed 4032K, reserved 1048576K
}
Event: 8.662 GC heap before
{Heap before GC invocations=15 (full 2):
 PSYoungGen      total 25600K, used 704K [0x00000000d5580000, 0x00000000d7180000, 0x0000000100000000)
  eden space 22016K, 0% used [0x00000000d5580000,0x00000000d5580000,0x00000000d6b00000)
  from space 3584K, 19% used [0x00000000d6b00000,0x00000000d6bb0160,0x00000000d6e80000)
  to   space 1536K, 0% used [0x00000000d7000000,0x00000000d7000000,0x00000000d7180000)
 ParOldGen       total 68608K, used 19344K [0x0000000080000000, 0x0000000084300000, 0x00000000d5580000)
  object space 68608K, 28% used [0x0000000080000000,0x00000000812e4108,0x0000000084300000)
 Metaspace       used 34704K, committed 35840K, reserved 1114112K
  class space    used 3571K, committed 4032K, reserved 1048576K
}
Event: 8.716 GC heap after
{Heap after GC invocations=15 (full 2):
 PSYoungGen      total 25600K, used 0K [0x00000000d5580000, 0x00000000d7180000, 0x0000000100000000)
  eden space 22016K, 0% used [0x00000000d5580000,0x00000000d5580000,0x00000000d6b00000)
  from space 3584K, 0% used [0x00000000d6b00000,0x00000000d6b00000,0x00000000d6e80000)
  to   space 1536K, 0% used [0x00000000d7000000,0x00000000d7000000,0x00000000d7180000)
 ParOldGen       total 68608K, used 18799K [0x0000000080000000, 0x0000000084300000, 0x00000000d5580000)
  object space 68608K, 27% used [0x0000000080000000,0x000000008125bcf8,0x0000000084300000)
 Metaspace       used 34704K, committed 35840K, reserved 1114112K
  class space    used 3571K, committed 4032K, reserved 1048576K
}
Event: 8.847 GC heap before
{Heap before GC invocations=16 (full 2):
 PSYoungGen      total 25600K, used 22016K [0x00000000d5580000, 0x00000000d7180000, 0x0000000100000000)
  eden space 22016K, 100% used [0x00000000d5580000,0x00000000d6b00000,0x00000000d6b00000)
  from space 3584K, 0% used [0x00000000d6b00000,0x00000000d6b00000,0x00000000d6e80000)
  to   space 1536K, 0% used [0x00000000d7000000,0x00000000d7000000,0x00000000d7180000)
 ParOldGen       total 68608K, used 18799K [0x0000000080000000, 0x0000000084300000, 0x00000000d5580000)
  object space 68608K, 27% used [0x0000000080000000,0x000000008125bcf8,0x0000000084300000)
 Metaspace       used 36416K, committed 37632K, reserved 1114112K
  class space    used 3817K, committed 4352K, reserved 1048576K
}
Event: 8.850 GC heap after
{Heap after GC invocations=16 (full 2):
 PSYoungGen      total 23552K, used 1536K [0x00000000d5580000, 0x00000000d7180000, 0x0000000100000000)
  eden space 22016K, 0% used [0x00000000d5580000,0x00000000d5580000,0x00000000d6b00000)
  from space 1536K, 100% used [0x00000000d7000000,0x00000000d7180000,0x00000000d7180000)
  to   space 2560K, 0% used [0x00000000d6c80000,0x00000000d6c80000,0x00000000d6f00000)
 ParOldGen       total 68608K, used 19103K [0x0000000080000000, 0x0000000084300000, 0x00000000d5580000)
  object space 68608K, 27% used [0x0000000080000000,0x00000000812a7cf8,0x0000000084300000)
 Metaspace       used 36416K, committed 37632K, reserved 1114112K
  class space    used 3817K, committed 4352K, reserved 1048576K
}
Event: 9.007 GC heap before
{Heap before GC invocations=17 (full 2):
 PSYoungGen      total 23552K, used 23552K [0x00000000d5580000, 0x00000000d7180000, 0x0000000100000000)
  eden space 22016K, 100% used [0x00000000d5580000,0x00000000d6b00000,0x00000000d6b00000)
  from space 1536K, 100% used [0x00000000d7000000,0x00000000d7180000,0x00000000d7180000)
  to   space 2560K, 0% used [0x00000000d6c80000,0x00000000d6c80000,0x00000000d6f00000)
 ParOldGen       total 68608K, used 19103K [0x0000000080000000, 0x0000000084300000, 0x00000000d5580000)
  object space 68608K, 27% used [0x0000000080000000,0x00000000812a7cf8,0x0000000084300000)
 Metaspace       used 38418K, committed 39616K, reserved 1114112K
  class space    used 4060K, committed 4608K, reserved 1048576K
}
Event: 9.011 GC heap after
{Heap after GC invocations=17 (full 2):
 PSYoungGen      total 24064K, used 1736K [0x00000000d5580000, 0x00000000d7080000, 0x0000000100000000)
  eden space 22016K, 0% used [0x00000000d5580000,0x00000000d5580000,0x00000000d6b00000)
  from space 2048K, 84% used [0x00000000d6c80000,0x00000000d6e322c0,0x00000000d6e80000)
  to   space 2048K, 0% used [0x00000000d6e80000,0x00000000d6e80000,0x00000000d7080000)
 ParOldGen       total 68608K, used 20557K [0x0000000080000000, 0x0000000084300000, 0x00000000d5580000)
  object space 68608K, 29% used [0x0000000080000000,0x00000000814135a0,0x0000000084300000)
 Metaspace       used 38418K, committed 39616K, reserved 1114112K
  class space    used 4060K, committed 4608K, reserved 1048576K
}
Event: 9.199 GC heap before
{Heap before GC invocations=18 (full 2):
 PSYoungGen      total 24064K, used 23752K [0x00000000d5580000, 0x00000000d7080000, 0x0000000100000000)
  eden space 22016K, 100% used [0x00000000d5580000,0x00000000d6b00000,0x00000000d6b00000)
  from space 2048K, 84% used [0x00000000d6c80000,0x00000000d6e322c0,0x00000000d6e80000)
  to   space 2048K, 0% used [0x00000000d6e80000,0x00000000d6e80000,0x00000000d7080000)
 ParOldGen       total 68608K, used 20557K [0x0000000080000000, 0x0000000084300000, 0x00000000d5580000)
  object space 68608K, 29% used [0x0000000080000000,0x00000000814135a0,0x0000000084300000)
 Metaspace       used 39706K, committed 41024K, reserved 1114112K
  class space    used 4217K, committed 4800K, reserved 1048576K
}
Event: 9.201 GC heap after
{Heap after GC invocations=18 (full 2):
 PSYoungGen      total 23040K, used 864K [0x00000000d5580000, 0x00000000d6f80000, 0x0000000100000000)
  eden space 22016K, 0% used [0x00000000d5580000,0x00000000d5580000,0x00000000d6b00000)
  from space 1024K, 84% used [0x00000000d6e80000,0x00000000d6f58000,0x00000000d6f80000)
  to   space 1536K, 0% used [0x00000000d6c80000,0x00000000d6c80000,0x00000000d6e00000)
 ParOldGen       total 68608K, used 21838K [0x0000000080000000, 0x0000000084300000, 0x00000000d5580000)
  object space 68608K, 31% used [0x0000000080000000,0x0000000081553a38,0x0000000084300000)
 Metaspace       used 39706K, committed 41024K, reserved 1114112K
  class space    used 4217K, committed 4800K, reserved 1048576K
}
Event: 9.415 GC heap before
{Heap before GC invocations=19 (full 2):
 PSYoungGen      total 23040K, used 22880K [0x00000000d5580000, 0x00000000d6f80000, 0x0000000100000000)
  eden space 22016K, 100% used [0x00000000d5580000,0x00000000d6b00000,0x00000000d6b00000)
  from space 1024K, 84% used [0x00000000d6e80000,0x00000000d6f58000,0x00000000d6f80000)
  to   space 1536K, 0% used [0x00000000d6c80000,0x00000000d6c80000,0x00000000d6e00000)
 ParOldGen       total 68608K, used 21838K [0x0000000080000000, 0x0000000084300000, 0x00000000d5580000)
  object space 68608K, 31% used [0x0000000080000000,0x0000000081553a38,0x0000000084300000)
 Metaspace       used 42078K, committed 43328K, reserved 1114112K
  class space    used 4492K, committed 5056K, reserved 1048576K
}
Event: 9.417 GC heap after
{Heap after GC invocations=19 (full 2):
 PSYoungGen      total 23552K, used 1504K [0x00000000d5580000, 0x00000000d6f00000, 0x0000000100000000)
  eden space 22016K, 0% used [0x00000000d5580000,0x00000000d5580000,0x00000000d6b00000)
  from space 1536K, 97% used [0x00000000d6c80000,0x00000000d6df8000,0x00000000d6e00000)
  to   space 1024K, 0% used [0x00000000d6e00000,0x00000000d6e00000,0x00000000d6f00000)
 ParOldGen       total 68608K, used 22414K [0x0000000080000000, 0x0000000084300000, 0x00000000d5580000)
  object space 68608K, 32% used [0x0000000080000000,0x00000000815e3a38,0x0000000084300000)
 Metaspace       used 42078K, committed 43328K, reserved 1114112K
  class space    used 4492K, committed 5056K, reserved 1048576K
}
Event: 9.759 GC heap before
{Heap before GC invocations=20 (full 2):
 PSYoungGen      total 23552K, used 23520K [0x00000000d5580000, 0x00000000d6f00000, 0x0000000100000000)
  eden space 22016K, 100% used [0x00000000d5580000,0x00000000d6b00000,0x00000000d6b00000)
  from space 1536K, 97% used [0x00000000d6c80000,0x00000000d6df8000,0x00000000d6e00000)
  to   space 1024K, 0% used [0x00000000d6e00000,0x00000000d6e00000,0x00000000d6f00000)
 ParOldGen       total 68608K, used 22414K [0x0000000080000000, 0x0000000084300000, 0x00000000d5580000)
  object space 68608K, 32% used [0x0000000080000000,0x00000000815e3a38,0x0000000084300000)
 Metaspace       used 44481K, committed 45824K, reserved 1114112K
  class space    used 4819K, committed 5440K, reserved 1048576K
}
Event: 9.762 GC heap after
{Heap after GC invocations=20 (full 2):
 PSYoungGen      total 22016K, used 1024K [0x00000000d5580000, 0x00000000d7300000, 0x0000000100000000)
  eden space 20992K, 0% used [0x00000000d5580000,0x00000000d5580000,0x00000000d6a00000)
  from space 1024K, 100% used [0x00000000d6e00000,0x00000000d6f00000,0x00000000d6f00000)
  to   space 4096K, 0% used [0x00000000d6a00000,0x00000000d6a00000,0x00000000d6e00000)
 ParOldGen       total 68608K, used 24997K [0x0000000080000000, 0x0000000084300000, 0x00000000d5580000)
  object space 68608K, 36% used [0x0000000080000000,0x0000000081869478,0x0000000084300000)
 Metaspace       used 44481K, committed 45824K, reserved 1114112K
  class space    used 4819K, committed 5440K, reserved 1048576K
}
Event: 9.900 GC heap before
{Heap before GC invocations=21 (full 2):
 PSYoungGen      total 22016K, used 22016K [0x00000000d5580000, 0x00000000d7300000, 0x0000000100000000)
  eden space 20992K, 100% used [0x00000000d5580000,0x00000000d6a00000,0x00000000d6a00000)
  from space 1024K, 100% used [0x00000000d6e00000,0x00000000d6f00000,0x00000000d6f00000)
  to   space 4096K, 0% used [0x00000000d6a00000,0x00000000d6a00000,0x00000000d6e00000)
 ParOldGen       total 68608K, used 24997K [0x0000000080000000, 0x0000000084300000, 0x00000000d5580000)
  object space 68608K, 36% used [0x0000000080000000,0x0000000081869478,0x0000000084300000)
 Metaspace       used 45567K, committed 46784K, reserved 1114112K
  class space    used 4940K, committed 5504K, reserved 1048576K
}
Event: 9.912 GC heap after
{Heap after GC invocations=21 (full 2):
 PSYoungGen      total 25088K, used 4080K [0x00000000d5580000, 0x00000000d8700000, 0x0000000100000000)
  eden space 20992K, 0% used [0x00000000d5580000,0x00000000d5580000,0x00000000d6a00000)
  from space 4096K, 99% used [0x00000000d6a00000,0x00000000d6dfc120,0x00000000d6e00000)
  to   space 14848K, 0% used [0x00000000d7880000,0x00000000d7880000,0x00000000d8700000)
 ParOldGen       total 68608K, used 33766K [0x0000000080000000, 0x0000000084300000, 0x00000000d5580000)
  object space 68608K, 49% used [0x0000000080000000,0x00000000820f99e8,0x0000000084300000)
 Metaspace       used 45567K, committed 46784K, reserved 1114112K
  class space    used 4940K, committed 5504K, reserved 1048576K
}
Event: 10.533 GC heap before
{Heap before GC invocations=22 (full 2):
 PSYoungGen      total 25088K, used 25072K [0x00000000d5580000, 0x00000000d8700000, 0x0000000100000000)
  eden space 20992K, 100% used [0x00000000d5580000,0x00000000d6a00000,0x00000000d6a00000)
  from space 4096K, 99% used [0x00000000d6a00000,0x00000000d6dfc120,0x00000000d6e00000)
  to   space 14848K, 0% used [0x00000000d7880000,0x00000000d7880000,0x00000000d8700000)
 ParOldGen       total 68608K, used 33766K [0x0000000080000000, 0x0000000084300000, 0x00000000d5580000)
  object space 68608K, 49% used [0x0000000080000000,0x00000000820f99e8,0x0000000084300000)
 Metaspace       used 47158K, committed 48448K, reserved 1114112K
  class space    used 5109K, committed 5632K, reserved 1048576K
}
Event: 10.541 GC heap after
{Heap after GC invocations=22 (full 2):
 PSYoungGen      total 22528K, used 1229K [0x00000000d5580000, 0x00000000d7a00000, 0x0000000100000000)
  eden space 20992K, 0% used [0x00000000d5580000,0x00000000d5580000,0x00000000d6a00000)
  from space 1536K, 80% used [0x00000000d7880000,0x00000000d79b3610,0x00000000d7a00000)
  to   space 5632K, 0% used [0x00000000d6f00000,0x00000000d6f00000,0x00000000d7480000)
 ParOldGen       total 68608K, used 37770K [0x0000000080000000, 0x0000000084300000, 0x00000000d5580000)
  object space 68608K, 55% used [0x0000000080000000,0x00000000824e2a88,0x0000000084300000)
 Metaspace       used 47158K, committed 48448K, reserved 1114112K
  class space    used 5109K, committed 5632K, reserved 1048576K
}
Event: 12.219 GC heap before
{Heap before GC invocations=23 (full 2):
 PSYoungGen      total 22528K, used 22221K [0x00000000d5580000, 0x00000000d7a00000, 0x0000000100000000)
  eden space 20992K, 99% used [0x00000000d5580000,0x00000000d69ffe88,0x00000000d6a00000)
  from space 1536K, 80% used [0x00000000d7880000,0x00000000d79b3610,0x00000000d7a00000)
  to   space 5632K, 0% used [0x00000000d6f00000,0x00000000d6f00000,0x00000000d7480000)
 ParOldGen       total 68608K, used 37770K [0x0000000080000000, 0x0000000084300000, 0x00000000d5580000)
  object space 68608K, 55% used [0x0000000080000000,0x00000000824e2a88,0x0000000084300000)
 Metaspace       used 48038K, committed 49408K, reserved 1114112K
  class space    used 5210K, committed 5760K, reserved 1048576K
}
Event: 12.223 GC heap after
{Heap after GC invocations=23 (full 2):
 PSYoungGen      total 26112K, used 4630K [0x00000000d5580000, 0x00000000d7900000, 0x0000000100000000)
  eden space 20992K, 0% used [0x00000000d5580000,0x00000000d5580000,0x00000000d6a00000)
  from space 5120K, 90% used [0x00000000d6f00000,0x00000000d7385a38,0x00000000d7400000)
  to   space 5120K, 0% used [0x00000000d7400000,0x00000000d7400000,0x00000000d7900000)
 ParOldGen       total 68608K, used 38611K [0x0000000080000000, 0x0000000084300000, 0x00000000d5580000)
  object space 68608K, 56% used [0x0000000080000000,0x00000000825b4ee0,0x0000000084300000)
 Metaspace       used 48038K, committed 49408K, reserved 1114112K
  class space    used 5210K, committed 5760K, reserved 1048576K
}

